# JRE version: Java(TM) SE Runtime Environment (17.0.11+7) (build 17.0.11+7-LTS-207)
# Java VM: Java HotSpot(TM) 64-Bit Server VM (17.0.11+7-LTS-207, mixed mode, sharing, tiered, compressed oops, compressed class ptrs, g1 gc, windows-amd64)
GC Precious Log:
 CPUs: 4 total, 4 available
 Memory: 6049M
 Large Page Support: Disabled
 NUMA Support: Disabled
 Compressed Oops: Enabled (32-bit)
 Heap Region Size: 1M
 Heap Min Capacity: 8M
 Heap Initial Capacity: 96M
 Heap Max Capacity: 2G
 Pre-touch: Disabled
 Parallel Workers: 4
 Concurrent Workers: 1
 Concurrent Refinement Workers: 4
 Periodic GC: Disabled
Heap:
 garbage-first heap   total 86016K, used 44319K [0x0000000080000000, 0x0000000100000000)
  region size 1024K, 7 young (7168K), 4 survivors (4096K)
 Metaspace       used 54539K, committed 55168K, reserved 491520K
  class space    used 7508K, committed 7808K, reserved 425984K
GC Heap History (20 events):
Event: 34.741 GC heap before
{Heap before GC invocations=4 (full 0):
 garbage-first heap   total 98304K, used 64252K [0x0000000080000000, 0x0000000100000000)
  region size 1024K, 50 young (51200K), 7 survivors (7168K)
 Metaspace       used 18229K, committed 18560K, reserved 491520K
  class space    used 2616K, committed 2752K, reserved 425984K
}
Event: 34.780 GC heap after
{Heap after GC invocations=5 (full 0):
 garbage-first heap   total 98304K, used 23453K [0x0000000080000000, 0x0000000100000000)
  region size 1024K, 3 young (3072K), 3 survivors (3072K)
 Metaspace       used 18229K, committed 18560K, reserved 491520K
  class space    used 2616K, committed 2752K, reserved 425984K
}
Event: 36.689 GC heap before
{Heap before GC invocations=5 (full 0):
 garbage-first heap   total 98304K, used 43933K [0x0000000080000000, 0x0000000100000000)
  region size 1024K, 25 young (25600K), 3 survivors (3072K)
 Metaspace       used 21269K, committed 21504K, reserved 491520K
  class space    used 3091K, committed 3200K, reserved 425984K
}
Event: 36.697 GC heap after
{Heap after GC invocations=6 (full 0):
 garbage-first heap   total 98304K, used 24426K [0x0000000080000000, 0x0000000100000000)
  region size 1024K, 4 young (4096K), 4 survivors (4096K)
 Metaspace       used 21269K, committed 21504K, reserved 491520K
  class space    used 3091K, committed 3200K, reserved 425984K
}
Event: 39.803 GC heap before
{Heap before GC invocations=7 (full 0):
 garbage-first heap   total 86016K, used 71530K [0x0000000080000000, 0x0000000100000000)
  region size 1024K, 50 young (51200K), 4 survivors (4096K)
 Metaspace       used 27182K, committed 27520K, reserved 491520K
  class space    used 3941K, committed 4096K, reserved 425984K
}
Event: 39.815 GC heap after
{Heap after GC invocations=8 (full 0):
 garbage-first heap   total 86016K, used 26872K [0x0000000080000000, 0x0000000100000000)
  region size 1024K, 4 young (4096K), 4 survivors (4096K)
 Metaspace       used 27182K, committed 27520K, reserved 491520K
  class space    used 3941K, committed 4096K, reserved 425984K
}
Event: 44.216 GC heap before
{Heap before GC invocations=8 (full 0):
 garbage-first heap   total 86016K, used 64760K [0x0000000080000000, 0x0000000100000000)
  region size 1024K, 42 young (43008K), 4 survivors (4096K)
 Metaspace       used 32240K, committed 32576K, reserved 491520K
  class space    used 4552K, committed 4736K, reserved 425984K
}
Event: 44.242 GC heap after
{Heap after GC invocations=9 (full 0):
 garbage-first heap   total 86016K, used 31093K [0x0000000080000000, 0x0000000100000000)
  region size 1024K, 6 young (6144K), 6 survivors (6144K)
 Metaspace       used 32240K, committed 32576K, reserved 491520K
  class space    used 4552K, committed 4736K, reserved 425984K
}
Event: 49.387 GC heap before
{Heap before GC invocations=9 (full 0):
 garbage-first heap   total 86016K, used 62837K [0x0000000080000000, 0x0000000100000000)
  region size 1024K, 34 young (34816K), 6 survivors (6144K)
 Metaspace       used 35679K, committed 36096K, reserved 491520K
  class space    used 4964K, committed 5184K, reserved 425984K
}
Event: 49.398 GC heap after
{Heap after GC invocations=10 (full 0):
 garbage-first heap   total 86016K, used 33372K [0x0000000080000000, 0x0000000100000000)
  region size 1024K, 3 young (3072K), 3 survivors (3072K)
 Metaspace       used 35679K, committed 36096K, reserved 491520K
  class space    used 4964K, committed 5184K, reserved 425984K
}
Event: 52.053 GC heap before
{Heap before GC invocations=11 (full 0):
 garbage-first heap   total 86016K, used 65116K [0x0000000080000000, 0x0000000100000000)
  region size 1024K, 35 young (35840K), 3 survivors (3072K)
 Metaspace       used 37294K, committed 37760K, reserved 491520K
  class space    used 5218K, committed 5440K, reserved 425984K
}
Event: 52.060 GC heap after
{Heap after GC invocations=12 (full 0):
 garbage-first heap   total 86016K, used 34650K [0x0000000080000000, 0x0000000100000000)
  region size 1024K, 4 young (4096K), 4 survivors (4096K)
 Metaspace       used 37294K, committed 37760K, reserved 491520K
  class space    used 5218K, committed 5440K, reserved 425984K
}
Event: 59.545 GC heap before
{Heap before GC invocations=12 (full 0):
 garbage-first heap   total 86016K, used 67418K [0x0000000080000000, 0x0000000100000000)
  region size 1024K, 36 young (36864K), 4 survivors (4096K)
 Metaspace       used 40496K, committed 40960K, reserved 491520K
  class space    used 5727K, committed 5952K, reserved 425984K
}
Event: 59.564 GC heap after
{Heap after GC invocations=13 (full 0):
 garbage-first heap   total 86016K, used 35921K [0x0000000080000000, 0x0000000100000000)
  region size 1024K, 3 young (3072K), 3 survivors (3072K)
 Metaspace       used 40496K, committed 40960K, reserved 491520K
  class space    used 5727K, committed 5952K, reserved 425984K
}
Event: 69.491 GC heap before
{Heap before GC invocations=13 (full 0):
 garbage-first heap   total 86016K, used 68689K [0x0000000080000000, 0x0000000100000000)
  region size 1024K, 35 young (35840K), 3 survivors (3072K)
 Metaspace       used 47464K, committed 47872K, reserved 491520K
  class space    used 6611K, committed 6784K, reserved 425984K
}
Event: 69.500 GC heap after
{Heap after GC invocations=14 (full 0):
 garbage-first heap   total 86016K, used 39361K [0x0000000080000000, 0x0000000100000000)
  region size 1024K, 5 young (5120K), 5 survivors (5120K)
 Metaspace       used 47464K, committed 47872K, reserved 491520K
  class space    used 6611K, committed 6784K, reserved 425984K
}
Event: 75.445 GC heap before
{Heap before GC invocations=14 (full 0):
 garbage-first heap   total 86016K, used 69057K [0x0000000080000000, 0x0000000100000000)
  region size 1024K, 33 young (33792K), 5 survivors (5120K)
 Metaspace       used 50725K, committed 51328K, reserved 491520K
  class space    used 6985K, committed 7296K, reserved 425984K
}
Event: 75.465 GC heap after
{Heap after GC invocations=15 (full 0):
 garbage-first heap   total 86016K, used 41022K [0x0000000080000000, 0x0000000100000000)
  region size 1024K, 2 young (2048K), 2 survivors (2048K)
 Metaspace       used 50725K, committed 51328K, reserved 491520K
  class space    used 6985K, committed 7296K, reserved 425984K
}
Event: 80.743 GC heap before
{Heap before GC invocations=15 (full 0):
 garbage-first heap   total 86016K, used 68670K [0x0000000080000000, 0x0000000100000000)
  region size 1024K, 29 young (29696K), 2 survivors (2048K)
 Metaspace       used 54324K, committed 54848K, reserved 491520K
  class space    used 7474K, committed 7744K, reserved 425984K
}
Event: 80.757 GC heap after
{Heap after GC invocations=16 (full 0):
 garbage-first heap   total 86016K, used 42271K [0x0000000080000000, 0x0000000100000000)
  region size 1024K, 4 young (4096K), 4 survivors (4096K)
 Metaspace       used 54324K, committed 54848K, reserved 491520K
  class space    used 7474K, committed 7744K, reserved 425984K
}

